resolvers       > trees > analyzing 'home:.texlive2017/texmf-config'

open source     > level 1, order 1, name 'C:/texlive/2017/texmf-dist/tex/context/base/mkiv/cont-yes.mkiv'
system          > 
system          > ConTeXt  ver: 2017.05.15 21:48 MKIV beta  fmt: 2017.6.13  int: english/english
system          > 
system          > 'cont-new.mkiv' loaded
open source     > level 2, order 2, name 'C:/texlive/2017/texmf-dist/tex/context/base/mkiv/cont-new.mkiv'
close source    > level 2, order 2, name 'C:/texlive/2017/texmf-dist/tex/context/base/mkiv/cont-new.mkiv'
system          > files > jobname 'vanfogalmamtulsagosan', input './vanfogalmamtulsagosan', result 'vanfogalmamtulsagosan'
fonts           > latin modern fonts are not preloaded
languages       > language 'en' is active
open source     > level 2, order 3, name 'C:/Users/adam/github/szavaim/context/vanfogalmamtulsagosan.tex'
open source     > level 3, order 4, name 'e_def.tex'
close source    > level 3, order 4, name 'e_def.tex'
open source     > level 3, order 5, name 'e_magyar.tex'
warning         > \count \602>quote is already defined (\relax it first)
close source    > level 3, order 5, name 'e_magyar.tex'
open source     > level 3, order 6, name 'e_konyv.tex'
open source     > level 4, order 7, name 'C:/texlive/2017/texmf-dist/tex/context/fonts/mkiv/type-imp-libertinus.mkiv'
close source    > level 4, order 7, name 'C:/texlive/2017/texmf-dist/tex/context/fonts/mkiv/type-imp-libertinus.mkiv'
close source    > level 3, order 7, name 'e_konyv.tex'
open source     > level 3, order 8, name 'e_most.tex'
system          > command '\bib' is already defined
close source    > level 3, order 8, name 'e_most.tex'
structures      > begin of sectionblock 'bodypart'
structure       > sectioning > subject @ level 3 : 0.0.0 -> Van fogalmam túlságosan
system          > jobfiles > using path: fogalmak
open source     > level 3, order 9, name 'fogalmak/isten.tex'
structure       > sectioning > Cim @ level 3 : 0.0.1 -> Isten
layouts         > gridmode, noflines: 33, textheight: 346.6828pt, textovershoot: 10.0728pt (maybe set number of lines instead)
backend         > xmp > using file 'C:/texlive/2017/texmf-dist/tex/context/base/mkiv/lpdf-pdx.xml'
pages           > flushing realpage 1, userpage 1, subpage 1
pages           > flushing realpage 2, userpage 2
pages           > flushing realpage 3, userpage 3
close source    > level 3, order 9, name 'fogalmak/isten.tex'
open source     > level 3, order 10, name 'fogalmak/rekurzivitas.tex'
structure       > sectioning > Cim @ level 3 : 0.0.2 -> Rekurzivitás
pages           > flushing realpage 4, userpage 4
close source    > level 3, order 10, name 'fogalmak/rekurzivitas.tex'
open source     > level 3, order 11, name 'bib.tex'
structure       > sectioning > subject @ level 3 : 0.0.2 -> Bibliográfia
pages           > flushing realpage 5, userpage 5
close source    > level 3, order 11, name 'bib.tex'
structures      > end of sectionblock 'bodypart'
pages           > flushing realpage 6, userpage 6
close source    > level 2, order 11, name 'C:/Users/adam/github/szavaim/context/vanfogalmamtulsagosan.tex'
close source    > level 1, order 11, name 'C:/texlive/2017/texmf-dist/tex/context/base/mkiv/cont-yes.mkiv'

system          > structure > start used structure

used structure  > text: vanfogalmamtulsagosan
used structure  >   project: project_vanfogalmamtulsagosan
used structure  >     environment: e_def
used structure  >     environment: e_magyar
used structure  >     environment: e_konyv
used structure  >     environment: e_szotaram
used structure  >       product: vanfogalmamtulsagosan
used structure  >         component: isten
used structure  >         component: isten
used structure  >         component: bibliografia

system          > structure > stop used structure


system          > files > start used files

used file       >    1: filename=cont-yes.mkiv filetype=tex foundname=C:/texlive/2017/texmf-dist/tex/context/base/mkiv/cont-yes.mkiv usedmethod=database
used file       >    2: filename=publ-imp-default.lua filetype=scripts foundname=C:/texlive/2017/texmf-dist/tex/context/base/mkiv/publ-imp-default.lua usedmethod=database
used file       >    3: filename=cont-new.mkiv filetype=tex foundname=C:/texlive/2017/texmf-dist/tex/context/base/mkiv/cont-new.mkiv usedmethod=database
used file       >    4: filename=lang-us.lua filetype=scripts foundname=C:/texlive/2017/texmf-dist/tex/context/patterns/mkiv/lang-us.lua usedmethod=database
used file       >    5: filename=C:\Users\adam\github\szavaim\context/vanfogalmamtulsagosan.tex foundname=C:/Users/adam/github/szavaim/context/vanfogalmamtulsagosan.tex usedmethod=direct
used file       >    6: filename=e_def.tex foundname=e_def.tex usedmethod=direct
used file       >    7: filename=e_magyar.tex foundname=e_magyar.tex usedmethod=direct
used file       >    8: filename=e_konyv.tex foundname=e_konyv.tex usedmethod=direct
used file       >    9: filename=type-imp-libertinus.mkiv filetype=tex foundname=C:/texlive/2017/texmf-dist/tex/context/fonts/mkiv/type-imp-libertinus.mkiv usedmethod=database
used file       >   10: filename=libertinusserif-regular filetype=otf format=otf foundname=C:/texlive/2017/texmf-dist/fonts/opentype/public/libertinus/libertinusserif-regular.otf usedmethod=database
used file       >   11: filename=libertinusmath-regular.otf filetype=otf format=otf foundname=C:/texlive/2017/texmf-dist/fonts/opentype/public/libertinus/libertinusmath-regular.otf usedmethod=database
used file       >   12: filename=lang-hu.lua filetype=scripts foundname=C:/texlive/2017/texmf-dist/tex/context/patterns/mkiv/lang-hu.lua usedmethod=database
used file       >   13: filename=e_most.tex foundname=e_most.tex usedmethod=direct
used file       >   14: filename=fogalmak/isten.tex foundname=fogalmak/isten.tex usedmethod=direct
used file       >   15: filename=libertinusserif-bold filetype=otf format=otf foundname=C:/texlive/2017/texmf-dist/fonts/opentype/public/libertinus/libertinusserif-bold.otf usedmethod=database
used file       >   16: filename=libertinusserif-italic filetype=otf format=otf foundname=C:/texlive/2017/texmf-dist/fonts/opentype/public/libertinus/libertinusserif-italic.otf usedmethod=database
used file       >   17: filename=lpdf-pdx.xml filetype=tex foundname=C:/texlive/2017/texmf-dist/tex/context/base/mkiv/lpdf-pdx.xml usedmethod=database
used file       >   18: filename=fogalmak/rekurzivitas.tex foundname=fogalmak/rekurzivitas.tex usedmethod=direct
used file       >   19: filename=bib.tex foundname=bib.tex usedmethod=direct

system          > files > stop used files


system          > options > start commandline options

used option     > currentrun="1"
used option     > fulljobname="./vanfogalmamtulsagosan.tex"
used option     > input="./vanfogalmamtulsagosan.tex"
used option     > kindofrun="1"
used option     > maxnofruns="9"
used option     > no-parse-first-line="true"

system          > options > stop commandline options

system          > options > start commandline files

used file       >    1: ./vanfogalmamtulsagosan.tex

system          > options > stop commandline files


mkiv lua stats  > used config file: selfautoparent:/texmfcnf.lua;selfautoparent:/texmf-dist/web2c/texmfcnf.lua
mkiv lua stats  > used cache path: readable+writable: 'C:/texlive/2017/texmf-var/luatex-cache/context/a86c089b384a3076dc514ba966a1fac9'
mkiv lua stats  > resource resolver: loadtime 0.328 seconds, 1 scans with scantime 0.000 seconds, 0 shared scans, 19 found files, scanned paths: C:/Users/adam/.texlive2017/texmf-config
mkiv lua stats  > stored bytecode data: 404 modules (1.094 sec), 91 tables (0.062 sec), 495 chunks (1.156 sec)
mkiv lua stats  > traced context: maxstack: 1233, freed: 2, unreachable: 1231
mkiv lua stats  > cleaned up reserved nodes: 49 nodes, 9 lists of 447
mkiv lua stats  > node memory usage: 3 glue, 3 penalty, 22 attribute, 49 glue_spec, 4 attribute_list, 2 temp, 2 user_defined
mkiv lua stats  > node list callback tasks: 7 unique task lists, 9 instances (re)created, 840 calls
mkiv lua stats  > h-node processing time: 0.218 seconds including kernel
mkiv lua stats  > attribute processing time: 0.016 seconds front- and backend
mkiv lua stats  > used backend: pdf (backend for directly generating pdf output)
mkiv lua stats  > jobdata time: 0.016 seconds saving, 0.000 seconds loading
mkiv lua stats  > callbacks: 2195 direct, 1116 indirect, 3311 total
mkiv lua stats  > randomizer: resumed with value 0.22031311990722
mkiv lua stats  > positions: 62 collected, 62 regular, 0 special
mkiv lua stats  > loaded patterns: en::2 hu::23, load time: 0.000
mkiv lua stats  > interactive elements: 0 references, 56 destinations
mkiv lua stats  > result saved in file: vanfogalmamtulsagosan.pdf, compresslevel 3, objectcompresslevel 3
mkiv lua stats  > margin data: 28 entries, 0 pending
mkiv lua stats  > loaded fonts: 4 files: libertinusmath-regular.otf, libertinusserif-bold.otf, libertinusserif-italic.otf, libertinusserif-regular.otf
mkiv lua stats  > font engine: otf 3.029, afm 1.512, tfm 1.000, 9 instances, 4 shared in backend, 1 common vectors, 3 common hashes, load time 0.858 seconds 
mkiv lua stats  > used platform: mswin, type: windows, binary subtree: bin
mkiv lua stats  > luatex banner: this is luatex, version 1.0.4 (tex live 2017/w32tex)
mkiv lua stats  > control sequences: 45385 of 65536 + 100000
mkiv lua stats  > lua properties: engine: lua, used memory: 68 MB (ctx: 66 MB), hash type: lua, hash chars: min(32,40), symbol mask: utf (τεχ)
mkiv lua stats  > runtime: 4.214 seconds, 6 processed pages, 6 shipped pages, 1.424 pages/second

